<?xml version="1.0" encoding="UTF-8"?>
<!-- Generated by org.testng.reporters.JUnitReportReporter -->
<testsuite skipped="0" hostname="ALEJANDRA" name="com.automatedtester.qa.TC001_Capter_ValidateDropdown01" tests="1" failures="0" timestamp="26 sep 2020 14:50:22 GMT" time="18.586" errors="0">
  <testcase name="TC001" time="18.586" classname="com.automatedtester.qa.TC001_Capter_ValidateDropdown01"/>
</testsuite> <!-- com.automatedtester.qa.TC001_Capter_ValidateDropdown01 -->
