<?xml version="1.0" encoding="UTF-8"?>
<!-- Generated by org.testng.reporters.JUnitReportReporter -->
<testsuite skipped="0" hostname="ALEJANDRA" name="com.automatedtester.qa.TC002_Chapter1_ValidateText" tests="1" failures="0" timestamp="21 sep 2020 18:22:31 GMT" time="6.504" errors="0">
  <testcase name="T002" time="6.504" classname="com.automatedtester.qa.TC002_Chapter1_ValidateText"/>
</testsuite> <!-- com.automatedtester.qa.TC002_Chapter1_ValidateText -->
