<?xml version="1.0" encoding="UTF-8"?>
<!-- Generated by org.testng.reporters.JUnitReportReporter -->
<testsuite skipped="0" hostname="ALEJANDRA" name="com.automatedtester.qa.TC001_Capter_ValidateDropdown" tests="1" failures="0" timestamp="05 sep 2020 18:31:30 GMT" time="22.339" errors="0">
  <testcase name="TC01" time="22.339" classname="com.automatedtester.qa.TC001_Capter_ValidateDropdown"/>
</testsuite> <!-- com.automatedtester.qa.TC001_Capter_ValidateDropdown -->
