<?xml version="1.0" encoding="UTF-8"?>
<!-- Generated by org.testng.reporters.JUnitReportReporter -->
<testsuite skipped="0" hostname="ALEJANDRA" name="com.automatedtester.qa.TC001_Capter_ValidateDropdown" tests="1" failures="0" timestamp="06 sep 2020 03:18:19 GMT" time="22.607" errors="0">
  <testcase name="TC01" time="22.607" classname="com.automatedtester.qa.TC001_Capter_ValidateDropdown"/>
</testsuite> <!-- com.automatedtester.qa.TC001_Capter_ValidateDropdown -->
